<?xml version="1.0" encoding="UTF-8"?>
<!-- Generated by org.testng.reporters.JUnitXMLReporter -->
<testsuite hostname="hp" ignored="3" name="checkradio" tests="2" failures="2" timestamp="20 Oct 2022 18:23:01 GMT" time="0.02" errors="0">
  <testcase name="checkBoxSelectall" time="0.007" classname="testScripts.GroupingDemo">
    <failure type="java.lang.NullPointerException">
      <![CDATA[java.lang.NullPointerException
at testScripts.GroupingDemo.checkBoxSelectall(GroupingDemo.java:53)
... Removed 25 stack frames]]>
    </failure>
  </testcase> <!-- checkBoxSelectall -->
  <testcase name="selectRadio" time="0.003" classname="testScripts.GroupingDemo">
    <failure type="java.lang.NullPointerException">
      <![CDATA[java.lang.NullPointerException
at testScripts.GroupingDemo.selectRadio(GroupingDemo.java:60)
... Removed 25 stack frames]]>
    </failure>
  </testcase> <!-- selectRadio -->
  <testcase name="sumCalculation" time="0.0" classname="testScripts.GroupingDemo">
    <ignored/>
  </testcase> <!-- sumCalculation -->
  <testcase name="chkTitle" time="0.0" classname="testScripts.GroupingDemo">
    <ignored/>
  </testcase> <!-- chkTitle -->
  <testcase name="showMessage" time="0.0" classname="testScripts.GroupingDemo">
    <ignored/>
  </testcase> <!-- showMessage -->
</testsuite> <!-- checkradio -->
