<?xml version="1.0" encoding="UTF-8"?>
<!-- Generated by org.testng.reporters.JUnitXMLReporter -->
<testsuite hostname="hp" ignored="0" name="simpleform" tests="5" failures="5" timestamp="20 Oct 2022 18:26:33 GMT" time="0.136" errors="0">
  <testcase name="checkBoxSelectall" time="0.026" classname="testScripts.GroupingDemo">
    <failure type="java.lang.NullPointerException">
      <![CDATA[java.lang.NullPointerException
at testScripts.GroupingDemo.checkBoxSelectall(GroupingDemo.java:53)
... Removed 25 stack frames]]>
    </failure>
  </testcase> <!-- checkBoxSelectall -->
  <testcase name="chkTitle" time="0.004" classname="testScripts.GroupingDemo">
    <failure type="java.lang.NullPointerException">
      <![CDATA[java.lang.NullPointerException
at testScripts.GroupingDemo.chkTitle(GroupingDemo.java:25)
... Removed 25 stack frames]]>
    </failure>
  </testcase> <!-- chkTitle -->
  <testcase name="selectRadio" time="0.009" classname="testScripts.GroupingDemo">
    <failure type="java.lang.NullPointerException">
      <![CDATA[java.lang.NullPointerException
at testScripts.GroupingDemo.selectRadio(GroupingDemo.java:60)
... Removed 25 stack frames]]>
    </failure>
  </testcase> <!-- selectRadio -->
  <testcase name="showMessage" time="0.002" classname="testScripts.GroupingDemo">
    <failure type="java.lang.NullPointerException">
      <![CDATA[java.lang.NullPointerException
at testScripts.GroupingDemo.showMessage(GroupingDemo.java:33)
... Removed 25 stack frames]]>
    </failure>
  </testcase> <!-- showMessage -->
  <testcase name="sumCalculation" time="0.002" classname="testScripts.GroupingDemo">
    <failure type="java.lang.NullPointerException">
      <![CDATA[java.lang.NullPointerException
at testScripts.GroupingDemo.sumCalculation(GroupingDemo.java:43)
... Removed 25 stack frames]]>
    </failure>
  </testcase> <!-- sumCalculation -->
</testsuite> <!-- simpleform -->
