<?xml version="1.0" encoding="UTF-8"?>
<!-- Generated by org.testng.reporters.JUnitXMLReporter -->
<testsuite hostname="hp" ignored="2" name="simpleform" tests="3" failures="3" timestamp="21 Oct 2022 01:46:19 GMT" time="0.148" errors="0">
  <testcase name="chkTitle" time="0.036" classname="testScripts.GroupingDemo">
    <failure type="java.lang.NullPointerException">
      <![CDATA[java.lang.NullPointerException
at testScripts.GroupingDemo.chkTitle(GroupingDemo.java:26)
... Removed 25 stack frames]]>
    </failure>
  </testcase> <!-- chkTitle -->
  <testcase name="showMessage" time="0.004" classname="testScripts.GroupingDemo">
    <failure type="java.lang.NullPointerException">
      <![CDATA[java.lang.NullPointerException
at testScripts.GroupingDemo.showMessage(GroupingDemo.java:34)
... Removed 25 stack frames]]>
    </failure>
  </testcase> <!-- showMessage -->
  <testcase name="sumCalculation" time="0.002" classname="testScripts.GroupingDemo">
    <failure type="java.lang.NullPointerException">
      <![CDATA[java.lang.NullPointerException
at testScripts.GroupingDemo.sumCalculation(GroupingDemo.java:45)
... Removed 25 stack frames]]>
    </failure>
  </testcase> <!-- sumCalculation -->
  <testcase name="checkBoxSelectall" time="0.0" classname="testScripts.GroupingDemo">
    <ignored/>
  </testcase> <!-- checkBoxSelectall -->
  <testcase name="selectRadio" time="0.0" classname="testScripts.GroupingDemo">
    <ignored/>
  </testcase> <!-- selectRadio -->
</testsuite> <!-- simpleform -->
