<?xml version="1.0" encoding="UTF-8"?>
<!-- Generated by org.testng.reporters.JUnitXMLReporter -->
<testsuite hostname="hp" ignored="0" name="TestDataprovider" tests="3" failures="0" timestamp="18 Oct 2022 11:55:30 GMT" time="0.106" errors="0">
  <testcase name="search" time="0.016" classname="testScripts.DataproviderDemo"/>
  <testcase name="search" time="0.002" classname="testScripts.DataproviderDemo"/>
  <testcase name="search" time="0.002" classname="testScripts.DataproviderDemo"/>
</testsuite> <!-- TestDataprovider -->
