<?xml version="1.0" encoding="UTF-8"?>
<!-- Generated by org.testng.reporters.JUnitXMLReporter -->
<testsuite hostname="hp" ignored="0" name="Test" tests="1" failures="1" timestamp="20 Oct 2022 18:15:10 GMT" time="0.085" errors="0">
  <testcase name="chkTitle" time="0.024" classname="testScripts.GroupingDemo">
    <failure type="java.lang.NullPointerException">
      <![CDATA[java.lang.NullPointerException
at testScripts.GroupingDemo.chkTitle(GroupingDemo.java:25)
... Removed 25 stack frames]]>
    </failure>
  </testcase> <!-- chkTitle -->
</testsuite> <!-- Test -->
