<?xml version="1.0" encoding="UTF-8"?>
<!-- Generated by org.testng.reporters.JUnitXMLReporter -->
<testsuite hostname="hp" ignored="0" name="Test" tests="2" failures="1" timestamp="19 Oct 2022 15:33:33 GMT" time="10.145" errors="0">
  <testcase name="TestFail" time="0.038" classname="testScripts.ListenerMain">
    <failure type="java.lang.AssertionError" message="expected [true] but found [false]">
      <![CDATA[java.lang.AssertionError: expected [true] but found [false]
at testScripts.ListenerMain.TestFail(ListenerMain.java:27)
... Removed 29 stack frames]]>
    </failure>
  </testcase> <!-- TestFail -->
  <testcase name="launch" time="10.017" classname="testScripts.ListenerMain"/>
</testsuite> <!-- Test -->
