<?xml version="1.0" encoding="UTF-8"?>
<!-- Generated by org.testng.reporters.JUnitXMLReporter -->
<testsuite hostname="hp" ignored="0" name="TestAssertion" tests="1" failures="1" timestamp="17 Oct 2022 11:20:43 GMT" time="5.97" errors="0">
  <testcase name="titleAssert" time="0.011" classname="testScripts.SoftAssertionDemo">
    <failure type="java.lang.NullPointerException">
      <![CDATA[java.lang.NullPointerException
at testScripts.SoftAssertionDemo.titleAssert(SoftAssertionDemo.java:23)
... Removed 25 stack frames]]>
    </failure>
  </testcase> <!-- titleAssert -->
</testsuite> <!-- TestAssertion -->
