<?xml version="1.0" encoding="UTF-8"?>
<testng-results skipped="0" failed="0" ignored="0" total="1" passed="1">
  <reporter-output>
  </reporter-output>
  <suite name="Default suite" duration-ms="13358" started-at="2022-10-24T01:49:22Z" finished-at="2022-10-24T01:49:35Z">
    <groups>
    </groups>
    <test name="Default test" duration-ms="13358" started-at="2022-10-24T01:49:22Z" finished-at="2022-10-24T01:49:35Z">
      <class name="com.obsqura.scripts.PayrollScripts">
        <test-method status="PASS" signature="lauchBrowser(org.testng.ITestContext)[pri:0, instance:com.obsqura.scripts.PayrollScripts@2aa5fe93]" name="lauchBrowser" is-config="true" duration-ms="7575" started-at="2022-10-24T01:49:22Z" finished-at="2022-10-24T01:49:29Z">
          <params>
            <param index="0">
              <value>
                <![CDATA[org.testng.TestRunner@35beb15e]]>
              </value>
            </param>
          </params>
          <reporter-output>
          </reporter-output>
        </test-method> <!-- lauchBrowser -->
        <test-method status="PASS" signature="loginapplication()[pri:0, instance:com.obsqura.scripts.PayrollScripts@2aa5fe93]" name="loginapplication" duration-ms="5734" started-at="2022-10-24T01:49:29Z" finished-at="2022-10-24T01:49:35Z">
          <reporter-output>
          </reporter-output>
        </test-method> <!-- loginapplication -->
      </class> <!-- com.obsqura.scripts.PayrollScripts -->
    </test> <!-- Default test -->
  </suite> <!-- Default suite -->
</testng-results>
