<?xml version="1.0" encoding="UTF-8"?>
<testng-results skipped="0" failed="0" ignored="0" total="1" passed="1">
  <reporter-output>
  </reporter-output>
  <suite name="Default suite" duration-ms="5879" started-at="2022-10-20T15:56:57Z" finished-at="2022-10-20T15:57:03Z">
    <groups>
    </groups>
    <test name="Default test" duration-ms="5879" started-at="2022-10-20T15:56:57Z" finished-at="2022-10-20T15:57:03Z">
      <class name="com.obsqura.scripts.SimpleFormScript">
        <test-method status="PASS" signature="lauchBrowser(org.testng.ITestContext)[pri:0, instance:com.obsqura.scripts.SimpleFormScript@5c1a8622]" name="lauchBrowser" is-config="true" duration-ms="5190" started-at="2022-10-20T15:56:57Z" finished-at="2022-10-20T15:57:02Z">
          <params>
            <param index="0">
              <value>
                <![CDATA[org.testng.TestRunner@3d8bbcdc]]>
              </value>
            </param>
          </params>
          <reporter-output>
          </reporter-output>
        </test-method> <!-- lauchBrowser -->
        <test-method status="PASS" signature="testInputForm()[pri:0, instance:com.obsqura.scripts.SimpleFormScript@5c1a8622]" name="testInputForm" duration-ms="464" started-at="2022-10-20T15:57:02Z" finished-at="2022-10-20T15:57:02Z">
          <reporter-output>
          </reporter-output>
        </test-method> <!-- testInputForm -->
        <test-method status="PASS" signature="browserClose()[pri:0, instance:com.obsqura.scripts.SimpleFormScript@5c1a8622]" name="browserClose" is-config="true" duration-ms="175" started-at="2022-10-20T15:57:02Z" finished-at="2022-10-20T15:57:03Z">
          <reporter-output>
          </reporter-output>
        </test-method> <!-- browserClose -->
      </class> <!-- com.obsqura.scripts.SimpleFormScript -->
    </test> <!-- Default test -->
  </suite> <!-- Default suite -->
</testng-results>
