<?xml version="1.0" encoding="UTF-8"?>
<testng-results skipped="0" failed="0" ignored="0" total="1" passed="1">
  <reporter-output>
  </reporter-output>
  <suite name="Default suite" duration-ms="14517" started-at="2022-11-01T06:53:26 IST" finished-at="2022-11-01T06:53:41 IST">
    <groups>
    </groups>
    <test name="Default test" duration-ms="14517" started-at="2022-11-01T06:53:26 IST" finished-at="2022-11-01T06:53:41 IST">
      <class name="testScripts.ExtentReportDemo">
        <test-method status="PASS" signature="lauchBrowser()[pri:0, instance:testScripts.ExtentReportDemo@df27fae]" name="lauchBrowser" is-config="true" duration-ms="6829" started-at="2022-11-01T06:53:26 IST" finished-at="2022-11-01T06:53:33 IST">
          <reporter-output>
          </reporter-output>
        </test-method> <!-- lauchBrowser -->
        <test-method status="PASS" signature="reportDemo()[pri:0, instance:testScripts.ExtentReportDemo@df27fae]" name="reportDemo" duration-ms="6924" started-at="2022-11-01T06:53:33 IST" finished-at="2022-11-01T06:53:40 IST">
          <reporter-output>
          </reporter-output>
        </test-method> <!-- reportDemo -->
        <test-method status="PASS" signature="afterMethod()[pri:0, instance:testScripts.ExtentReportDemo@df27fae]" name="afterMethod" is-config="true" duration-ms="678" started-at="2022-11-01T06:53:40 IST" finished-at="2022-11-01T06:53:41 IST">
          <reporter-output>
          </reporter-output>
        </test-method> <!-- afterMethod -->
      </class> <!-- testScripts.ExtentReportDemo -->
    </test> <!-- Default test -->
  </suite> <!-- Default suite -->
</testng-results>
